2019-07-06 15:54:05-error: (node:53839) [DEP0106] DeprecationWarning: crypto.createDecipher is deprecated.
2019-07-06 15:54:06-log: [Package] preferences@0.1.0 load
2019-07-06 15:54:06-log: [Package] engine@0.0.1 load
2019-07-06 15:54:09-log: parse modules: 2576.062ms
2019-07-06 15:54:09-log: QuickCompiler rebuild finished: 2899.984ms
2019-07-06 15:54:09-log: [Package] asset-db@0.0.1 load
2019-07-06 15:54:10-log: [Package] console@0.0.1 load
2019-07-06 15:54:10-log: [Package] scene@0.0.1 load
2019-07-06 15:54:10-log: [Package] assets@0.0.1 load
2019-07-06 15:54:10-log: [Package] inspector@0.1.1 load
2019-07-06 15:54:10-log: [Package] hierarchy@0.0.1 load
2019-07-06 15:54:10-log: [Package] ui-preview@0.0.1 load
2019-07-06 15:54:10-log: [Package] packager@0.0.1 load
2019-07-06 15:54:10-log: [Package] project-setting@0.0.1 load
2019-07-06 15:54:10-log: [Package] preview@0.0.1 load
2019-07-06 15:54:10-log: [Package] build@0.0.1 load
2019-07-06 15:54:10-log: [Package] scene@0.0.1 load
2019-07-06 15:54:10-log: [Package] assets@0.0.1 load
2019-07-06 15:54:10-log: [Package] inspector@0.1.1 load
2019-07-06 15:54:10-log: [Package] hierarchy@0.0.1 load
2019-07-06 15:54:10-log: [Package] ui-preview@0.0.1 load
2019-07-06 15:54:10-log: [Package] packager@0.0.1 load
2019-07-06 15:54:10-log: [Package] project-setting@0.0.1 load
2019-07-06 15:54:10-log: [Package] preview@0.0.1 load
2019-07-06 15:54:10-log: [Package] build@0.0.1 load
2019-07-06 15:54:10-log: [Package] animator@0.0.1 load
2019-07-06 15:54:10-log: [Package] tester@0.0.1 load
2019-07-06 15:54:10-log: [Package] ipc@0.0.1 load
2019-07-06 15:54:12-log: Start the 'internal' database...
        at <process:asset-db>
2019-07-06 15:54:12-log: The 'internal' database is started: 278ms
        at <process:asset-db>
2019-07-06 15:54:12-log: Start the 'assets' database...
        at <process:asset-db>
2019-07-06 15:54:13-log: The 'assets' database is started: 221ms
        at <process:asset-db>
2019-07-06 15:54:30-info: asset(/Users/liuhang/Documents/temp/MusicLifeline/assets/Scene/Game.scene) saved
2019-07-06 15:54:31-log: A Class already exists with the same __classname__ : "third-person-camera".
        at <process:build-worker>
2019-07-06 15:54:31-log: A Class already exists with the same __cid__ : "d9b91R5MzRJMa3lSPWSsXdj".
        at <process:build-worker>
2019-07-06 15:54:31-log: A Class already exists with the same __classname__ : "third-person-camera".
        at <process:build-worker>
2019-07-06 15:54:31-log: A Class already exists with the same __cid__ : "d9b91R5MzRJMa3lSPWSsXdj".
        at <process:build-worker>
2019-07-06 15:54:31-info: asset(/Users/liuhang/Documents/temp/MusicLifeline/assets/Scene/Game.scene) saved
2019-07-06 15:56:46-info: asset(/Users/liuhang/Documents/temp/MusicLifeline/assets/Scene/Game.scene) saved
2019-07-06 15:58:51-info: asset(/Users/liuhang/Documents/temp/MusicLifeline/assets/Scene/Game.scene) saved
2019-07-06 15:59:10-error: [preview-error]Uncaught TypeError: pointer.reuse is not a function in http://localhost:7456/preview-scripts/assets/Script/MusicManager.js

            
2019-07-06 15:59:11-error: [preview-error]Uncaught TypeError: pointer.reuse is not a function in http://localhost:7456/preview-scripts/assets/Script/MusicManager.js

            
2019-07-06 15:59:13-error: [preview-error]Uncaught TypeError: pointer.reuse is not a function in http://localhost:7456/preview-scripts/assets/Script/MusicManager.js

            
2019-07-06 15:59:14-error: [preview-error]Uncaught TypeError: pointer.reuse is not a function in http://localhost:7456/preview-scripts/assets/Script/MusicManager.js

            
2019-07-06 15:59:14-error: [preview-error]Uncaught TypeError: pointer.reuse is not a function in http://localhost:7456/preview-scripts/assets/Script/MusicManager.js

            
2019-07-06 15:59:15-error: [preview-error]Uncaught TypeError: pointer.reuse is not a function in http://localhost:7456/preview-scripts/assets/Script/MusicManager.js

            
2019-07-06 15:59:16-error: [preview-error]Uncaught TypeError: pointer.reuse is not a function in http://localhost:7456/preview-scripts/assets/Script/MusicManager.js

            
2019-07-06 15:59:18-error: [preview-error]Uncaught TypeError: pointer.reuse is not a function in http://localhost:7456/preview-scripts/assets/Script/MusicManager.js

            
2019-07-06 15:59:19-error: [preview-error]Uncaught TypeError: pointer.reuse is not a function in http://localhost:7456/preview-scripts/assets/Script/MusicManager.js

            
2019-07-06 15:59:20-error: [preview-error]Uncaught TypeError: pointer.reuse is not a function in http://localhost:7456/preview-scripts/assets/Script/MusicManager.js

            
2019-07-06 15:59:21-error: [preview-error]Uncaught TypeError: pointer.reuse is not a function in http://localhost:7456/preview-scripts/assets/Script/MusicManager.js

            
2019-07-06 15:59:21-error: [preview-error]Uncaught TypeError: pointer.reuse is not a function in http://localhost:7456/preview-scripts/assets/Script/MusicManager.js

            
2019-07-06 15:59:22-error: [preview-error]Uncaught TypeError: pointer.reuse is not a function in http://localhost:7456/preview-scripts/assets/Script/MusicManager.js

            
2019-07-06 15:59:23-error: [preview-error]Uncaught TypeError: pointer.reuse is not a function in http://localhost:7456/preview-scripts/assets/Script/MusicManager.js

            
2019-07-06 15:59:24-error: [preview-error]Uncaught TypeError: pointer.reuse is not a function in http://localhost:7456/preview-scripts/assets/Script/MusicManager.js

            
2019-07-06 15:59:25-error: [preview-error]Uncaught TypeError: pointer.reuse is not a function in http://localhost:7456/preview-scripts/assets/Script/MusicManager.js

            
2019-07-06 15:59:25-error: [preview-error]Uncaught TypeError: pointer.reuse is not a function in http://localhost:7456/preview-scripts/assets/Script/MusicManager.js

            
2019-07-06 15:59:26-error: [preview-error]Uncaught TypeError: pointer.reuse is not a function in http://localhost:7456/preview-scripts/assets/Script/MusicManager.js

            
2019-07-06 15:59:27-error: [preview-error]Uncaught TypeError: pointer.reuse is not a function in http://localhost:7456/preview-scripts/assets/Script/MusicManager.js

            
2019-07-06 15:59:28-error: [preview-error]Uncaught TypeError: pointer.reuse is not a function in http://localhost:7456/preview-scripts/assets/Script/MusicManager.js

            
2019-07-06 15:59:28-error: [preview-error]Uncaught TypeError: pointer.reuse is not a function in http://localhost:7456/preview-scripts/assets/Script/MusicManager.js

            
2019-07-06 15:59:29-error: [preview-error]Uncaught TypeError: pointer.reuse is not a function in http://localhost:7456/preview-scripts/assets/Script/MusicManager.js

            
2019-07-06 15:59:30-error: [preview-error]Uncaught TypeError: pointer.reuse is not a function in http://localhost:7456/preview-scripts/assets/Script/MusicManager.js

            
2019-07-06 15:59:30-error: [preview-error]Uncaught TypeError: pointer.reuse is not a function in http://localhost:7456/preview-scripts/assets/Script/MusicManager.js

            
2019-07-06 15:59:31-error: [preview-error]Uncaught TypeError: pointer.reuse is not a function in http://localhost:7456/preview-scripts/assets/Script/MusicManager.js

            
2019-07-06 15:59:31-error: [preview-error]Uncaught TypeError: pointer.reuse is not a function in http://localhost:7456/preview-scripts/assets/Script/MusicManager.js

            
2019-07-06 15:59:32-error: [preview-error]Uncaught TypeError: pointer.reuse is not a function in http://localhost:7456/preview-scripts/assets/Script/MusicManager.js

            
2019-07-06 15:59:32-error: [preview-error]Uncaught TypeError: pointer.reuse is not a function in http://localhost:7456/preview-scripts/assets/Script/MusicManager.js

            
2019-07-06 15:59:33-error: [preview-error]Uncaught TypeError: pointer.reuse is not a function in http://localhost:7456/preview-scripts/assets/Script/MusicManager.js

            
2019-07-06 15:59:33-error: [preview-error]Uncaught TypeError: pointer.reuse is not a function in http://localhost:7456/preview-scripts/assets/Script/MusicManager.js

            
2019-07-06 15:59:34-error: [preview-error]Uncaught TypeError: pointer.reuse is not a function in http://localhost:7456/preview-scripts/assets/Script/MusicManager.js

            
2019-07-06 15:59:34-error: [preview-error]Uncaught TypeError: pointer.reuse is not a function in http://localhost:7456/preview-scripts/assets/Script/MusicManager.js

            
2019-07-06 15:59:35-error: [preview-error]Uncaught TypeError: pointer.reuse is not a function in http://localhost:7456/preview-scripts/assets/Script/MusicManager.js

            
2019-07-06 15:59:35-error: [preview-error]Uncaught TypeError: pointer.reuse is not a function in http://localhost:7456/preview-scripts/assets/Script/MusicManager.js

            
2019-07-06 15:59:36-error: [preview-error]Uncaught TypeError: pointer.reuse is not a function in http://localhost:7456/preview-scripts/assets/Script/MusicManager.js

            
2019-07-06 15:59:36-error: [preview-error]Uncaught TypeError: pointer.reuse is not a function in http://localhost:7456/preview-scripts/assets/Script/MusicManager.js

            
2019-07-06 15:59:37-error: [preview-error]Uncaught TypeError: pointer.reuse is not a function in http://localhost:7456/preview-scripts/assets/Script/MusicManager.js

            
2019-07-06 15:59:37-error: [preview-error]Uncaught TypeError: pointer.reuse is not a function in http://localhost:7456/preview-scripts/assets/Script/MusicManager.js

            
2019-07-06 15:59:38-error: [preview-error]Uncaught TypeError: pointer.reuse is not a function in http://localhost:7456/preview-scripts/assets/Script/MusicManager.js

            
2019-07-06 15:59:38-error: [preview-error]Uncaught TypeError: pointer.reuse is not a function in http://localhost:7456/preview-scripts/assets/Script/MusicManager.js

            
2019-07-06 15:59:38-error: [preview-error]Uncaught TypeError: pointer.reuse is not a function in http://localhost:7456/preview-scripts/assets/Script/MusicManager.js

            
2019-07-06 15:59:39-error: [preview-error]Uncaught TypeError: pointer.reuse is not a function in http://localhost:7456/preview-scripts/assets/Script/MusicManager.js

            
2019-07-06 15:59:40-error: [preview-error]Uncaught TypeError: pointer.reuse is not a function in http://localhost:7456/preview-scripts/assets/Script/MusicManager.js

            
2019-07-06 15:59:40-error: [preview-error]Uncaught TypeError: pointer.reuse is not a function in http://localhost:7456/preview-scripts/assets/Script/MusicManager.js

            
2019-07-06 15:59:41-error: [preview-error]Uncaught TypeError: pointer.reuse is not a function in http://localhost:7456/preview-scripts/assets/Script/MusicManager.js

            
2019-07-06 15:59:41-error: [preview-error]Uncaught TypeError: pointer.reuse is not a function in http://localhost:7456/preview-scripts/assets/Script/MusicManager.js

            
2019-07-06 15:59:42-error: [preview-error]Uncaught TypeError: pointer.reuse is not a function in http://localhost:7456/preview-scripts/assets/Script/MusicManager.js

            
2019-07-06 15:59:42-error: [preview-error]Uncaught TypeError: pointer.reuse is not a function in http://localhost:7456/preview-scripts/assets/Script/MusicManager.js

            
2019-07-06 15:59:43-error: [preview-error]Uncaught TypeError: pointer.reuse is not a function in http://localhost:7456/preview-scripts/assets/Script/MusicManager.js

            
2019-07-06 15:59:43-error: [preview-error]Uncaught TypeError: pointer.reuse is not a function in http://localhost:7456/preview-scripts/assets/Script/MusicManager.js

            
2019-07-06 15:59:43-error: [preview-error]Uncaught TypeError: pointer.reuse is not a function in http://localhost:7456/preview-scripts/assets/Script/MusicManager.js

            
2019-07-06 15:59:44-error: [preview-error]Uncaught TypeError: pointer.reuse is not a function in http://localhost:7456/preview-scripts/assets/Script/MusicManager.js

            
2019-07-06 15:59:44-error: [preview-error]Uncaught TypeError: pointer.reuse is not a function in http://localhost:7456/preview-scripts/assets/Script/MusicManager.js

            
2019-07-06 15:59:44-error: [preview-error]Uncaught TypeError: pointer.reuse is not a function in http://localhost:7456/preview-scripts/assets/Script/MusicManager.js

            
2019-07-06 15:59:44-error: [preview-error]Uncaught TypeError: pointer.reuse is not a function in http://localhost:7456/preview-scripts/assets/Script/MusicManager.js

            
2019-07-06 15:59:45-error: [preview-error]Uncaught TypeError: pointer.reuse is not a function in http://localhost:7456/preview-scripts/assets/Script/MusicManager.js

            
2019-07-06 15:59:45-error: [preview-error]Uncaught TypeError: pointer.reuse is not a function in http://localhost:7456/preview-scripts/assets/Script/MusicManager.js

            
2019-07-06 15:59:45-error: [preview-error]Uncaught TypeError: pointer.reuse is not a function in http://localhost:7456/preview-scripts/assets/Script/MusicManager.js

            
2019-07-06 15:59:46-error: [preview-error]Uncaught TypeError: pointer.reuse is not a function in http://localhost:7456/preview-scripts/assets/Script/MusicManager.js

            
2019-07-06 15:59:46-error: [preview-error]Uncaught TypeError: pointer.reuse is not a function in http://localhost:7456/preview-scripts/assets/Script/MusicManager.js

            
2019-07-06 15:59:46-error: [preview-error]Uncaught TypeError: pointer.reuse is not a function in http://localhost:7456/preview-scripts/assets/Script/MusicManager.js

            
2019-07-06 15:59:47-error: [preview-error]Uncaught TypeError: pointer.reuse is not a function in http://localhost:7456/preview-scripts/assets/Script/MusicManager.js

            
2019-07-06 15:59:47-error: [preview-error]Uncaught TypeError: pointer.reuse is not a function in http://localhost:7456/preview-scripts/assets/Script/MusicManager.js

            
2019-07-06 15:59:47-error: [preview-error]Uncaught TypeError: pointer.reuse is not a function in http://localhost:7456/preview-scripts/assets/Script/MusicManager.js

            
2019-07-06 15:59:47-error: [preview-error]Uncaught TypeError: pointer.reuse is not a function in http://localhost:7456/preview-scripts/assets/Script/MusicManager.js

            
2019-07-06 15:59:47-error: [preview-error]Uncaught TypeError: pointer.reuse is not a function in http://localhost:7456/preview-scripts/assets/Script/MusicManager.js

            
2019-07-06 15:59:48-error: [preview-error]Uncaught TypeError: pointer.reuse is not a function in http://localhost:7456/preview-scripts/assets/Script/MusicManager.js

            
2019-07-06 15:59:48-error: [preview-error]Uncaught TypeError: pointer.reuse is not a function in http://localhost:7456/preview-scripts/assets/Script/MusicManager.js

            
2019-07-06 15:59:48-error: [preview-error]Uncaught TypeError: pointer.reuse is not a function in http://localhost:7456/preview-scripts/assets/Script/MusicManager.js

            
2019-07-06 15:59:48-error: [preview-error]Uncaught TypeError: pointer.reuse is not a function in http://localhost:7456/preview-scripts/assets/Script/MusicManager.js

            
2019-07-06 15:59:49-error: [preview-error]Uncaught TypeError: pointer.reuse is not a function in http://localhost:7456/preview-scripts/assets/Script/MusicManager.js

            
2019-07-06 15:59:49-error: [preview-error]Uncaught TypeError: pointer.reuse is not a function in http://localhost:7456/preview-scripts/assets/Script/MusicManager.js

            
2019-07-06 15:59:49-error: [preview-error]Uncaught TypeError: pointer.reuse is not a function in http://localhost:7456/preview-scripts/assets/Script/MusicManager.js

            
2019-07-06 15:59:50-error: [preview-error]Uncaught TypeError: pointer.reuse is not a function in http://localhost:7456/preview-scripts/assets/Script/MusicManager.js

            
2019-07-06 15:59:50-error: [preview-error]Uncaught TypeError: pointer.reuse is not a function in http://localhost:7456/preview-scripts/assets/Script/MusicManager.js

            
2019-07-06 15:59:50-error: [preview-error]Uncaught TypeError: pointer.reuse is not a function in http://localhost:7456/preview-scripts/assets/Script/MusicManager.js

            
2019-07-06 15:59:50-error: [preview-error]Uncaught TypeError: pointer.reuse is not a function in http://localhost:7456/preview-scripts/assets/Script/MusicManager.js

            
2019-07-06 15:59:51-error: [preview-error]Uncaught TypeError: pointer.reuse is not a function in http://localhost:7456/preview-scripts/assets/Script/MusicManager.js

            
2019-07-06 15:59:51-error: [preview-error]Uncaught TypeError: pointer.reuse is not a function in http://localhost:7456/preview-scripts/assets/Script/MusicManager.js

            
2019-07-06 15:59:51-error: [preview-error]Uncaught TypeError: pointer.reuse is not a function in http://localhost:7456/preview-scripts/assets/Script/MusicManager.js

            
2019-07-06 15:59:51-error: [preview-error]Uncaught TypeError: pointer.reuse is not a function in http://localhost:7456/preview-scripts/assets/Script/MusicManager.js

            
2019-07-06 15:59:52-error: [preview-error]Uncaught TypeError: pointer.reuse is not a function in http://localhost:7456/preview-scripts/assets/Script/MusicManager.js

            
2019-07-06 15:59:52-error: [preview-error]Uncaught TypeError: pointer.reuse is not a function in http://localhost:7456/preview-scripts/assets/Script/MusicManager.js

            
2019-07-06 15:59:52-error: [preview-error]Uncaught TypeError: pointer.reuse is not a function in http://localhost:7456/preview-scripts/assets/Script/MusicManager.js

            
2019-07-06 15:59:52-error: [preview-error]Uncaught TypeError: pointer.reuse is not a function in http://localhost:7456/preview-scripts/assets/Script/MusicManager.js

            
2019-07-06 15:59:53-error: [preview-error]Uncaught TypeError: pointer.reuse is not a function in http://localhost:7456/preview-scripts/assets/Script/MusicManager.js

            
2019-07-06 15:59:53-error: [preview-error]Uncaught TypeError: pointer.reuse is not a function in http://localhost:7456/preview-scripts/assets/Script/MusicManager.js

            
2019-07-06 15:59:53-error: [preview-error]Uncaught TypeError: pointer.reuse is not a function in http://localhost:7456/preview-scripts/assets/Script/MusicManager.js

            
2019-07-06 15:59:53-error: [preview-error]Uncaught TypeError: pointer.reuse is not a function in http://localhost:7456/preview-scripts/assets/Script/MusicManager.js

            
2019-07-06 15:59:54-error: [preview-error]Uncaught TypeError: pointer.reuse is not a function in http://localhost:7456/preview-scripts/assets/Script/MusicManager.js

            
2019-07-06 15:59:54-error: [preview-error]Uncaught TypeError: pointer.reuse is not a function in http://localhost:7456/preview-scripts/assets/Script/MusicManager.js

            
2019-07-06 15:59:54-error: [preview-error]Uncaught TypeError: pointer.reuse is not a function in http://localhost:7456/preview-scripts/assets/Script/MusicManager.js

            
2019-07-06 15:59:54-error: [preview-error]Uncaught TypeError: pointer.reuse is not a function in http://localhost:7456/preview-scripts/assets/Script/MusicManager.js

            
2019-07-06 15:59:55-error: [preview-error]Uncaught TypeError: pointer.reuse is not a function in http://localhost:7456/preview-scripts/assets/Script/MusicManager.js

            
2019-07-06 15:59:55-error: [preview-error]Uncaught TypeError: pointer.reuse is not a function in http://localhost:7456/preview-scripts/assets/Script/MusicManager.js

            
2019-07-06 15:59:55-error: [preview-error]Uncaught TypeError: pointer.reuse is not a function in http://localhost:7456/preview-scripts/assets/Script/MusicManager.js

            
2019-07-06 15:59:55-error: [preview-error]Uncaught TypeError: pointer.reuse is not a function in http://localhost:7456/preview-scripts/assets/Script/MusicManager.js

            
2019-07-06 15:59:56-error: [preview-error]Uncaught TypeError: pointer.reuse is not a function in http://localhost:7456/preview-scripts/assets/Script/MusicManager.js

            
2019-07-06 15:59:56-error: [preview-error]Uncaught TypeError: pointer.reuse is not a function in http://localhost:7456/preview-scripts/assets/Script/MusicManager.js

            
2019-07-06 15:59:56-error: [preview-error]Uncaught TypeError: pointer.reuse is not a function in http://localhost:7456/preview-scripts/assets/Script/MusicManager.js

            
2019-07-06 15:59:56-error: [preview-error]Uncaught TypeError: pointer.reuse is not a function in http://localhost:7456/preview-scripts/assets/Script/MusicManager.js

            
2019-07-06 15:59:57-error: [preview-error]Uncaught TypeError: pointer.reuse is not a function in http://localhost:7456/preview-scripts/assets/Script/MusicManager.js

            
2019-07-06 15:59:57-error: [preview-error]Uncaught TypeError: pointer.reuse is not a function in http://localhost:7456/preview-scripts/assets/Script/MusicManager.js

            
2019-07-06 15:59:57-error: [preview-error]Uncaught TypeError: pointer.reuse is not a function in http://localhost:7456/preview-scripts/assets/Script/MusicManager.js

            
2019-07-06 15:59:57-error: [preview-error]Uncaught TypeError: pointer.reuse is not a function in http://localhost:7456/preview-scripts/assets/Script/MusicManager.js

            
2019-07-06 15:59:58-error: [preview-error]Uncaught TypeError: pointer.reuse is not a function in http://localhost:7456/preview-scripts/assets/Script/MusicManager.js

            
2019-07-06 15:59:58-error: [preview-error]Uncaught TypeError: pointer.reuse is not a function in http://localhost:7456/preview-scripts/assets/Script/MusicManager.js

            
2019-07-06 15:59:58-error: [preview-error]Uncaught TypeError: pointer.reuse is not a function in http://localhost:7456/preview-scripts/assets/Script/MusicManager.js

            
2019-07-06 15:59:58-error: [preview-error]Uncaught TypeError: pointer.reuse is not a function in http://localhost:7456/preview-scripts/assets/Script/MusicManager.js

            
2019-07-06 15:59:58-error: [preview-error]Uncaught TypeError: pointer.reuse is not a function in http://localhost:7456/preview-scripts/assets/Script/MusicManager.js

            
2019-07-06 16:01:32-info: asset(/Users/liuhang/Documents/temp/MusicLifeline/assets/Scene/Game.scene) saved
2019-07-06 16:02:49-info: asset(/Users/liuhang/Documents/temp/MusicLifeline/assets/Scene/Game.scene) saved
2019-07-06 16:06:58-info: asset(/Users/liuhang/Documents/temp/MusicLifeline/assets/Scene/Game.scene) saved
2019-07-06 16:07:00-info: asset(/Users/liuhang/Documents/temp/MusicLifeline/assets/Scene/Game.scene) saved
2019-07-06 16:08:03-info: asset(/Users/liuhang/Documents/temp/MusicLifeline/assets/Scene/Game.scene) saved
2019-07-06 16:08:04-info: asset(/Users/liuhang/Documents/temp/MusicLifeline/assets/Scene/Game.scene) saved
2019-07-06 16:08:38-info: asset(/Users/liuhang/Documents/temp/MusicLifeline/assets/Scene/Game.scene) saved
2019-07-06 16:09:54-info: asset(/Users/liuhang/Documents/temp/MusicLifeline/assets/Scene/Game.scene) saved
2019-07-06 16:10:58-info: asset(/Users/liuhang/Documents/temp/MusicLifeline/assets/Scene/Game.scene) saved
2019-07-06 16:10:59-info: asset(/Users/liuhang/Documents/temp/MusicLifeline/assets/Scene/Game.scene) saved
2019-07-06 16:12:07-info: asset(/Users/liuhang/Documents/temp/MusicLifeline/assets/Scene/Game.scene) saved
2019-07-06 16:12:08-info: asset(/Users/liuhang/Documents/temp/MusicLifeline/assets/Scene/Game.scene) saved
2019-07-06 16:12:59-info: asset(/Users/liuhang/Documents/temp/MusicLifeline/assets/Scene/Game.scene) saved
2019-07-06 16:13:00-info: asset(/Users/liuhang/Documents/temp/MusicLifeline/assets/Scene/Game.scene) saved
2019-07-06 16:13:59-info: asset(/Users/liuhang/Documents/temp/MusicLifeline/assets/Scene/Game.scene) saved
2019-07-06 16:15:26-info: asset(/Users/liuhang/Documents/temp/MusicLifeline/assets/Scene/Game.scene) saved
2019-07-06 16:16:35-info: asset(/Users/liuhang/Documents/temp/MusicLifeline/assets/Scene/Game.scene) saved
2019-07-06 16:37:05-info: asset(/Users/liuhang/Documents/temp/MusicLifeline/assets/Scene/Game.scene) saved
2019-07-06 16:37:11-info: asset(/Users/liuhang/Documents/temp/MusicLifeline/assets/Scene/Game.scene) saved
2019-07-06 16:38:44-info: asset(/Users/liuhang/Documents/temp/MusicLifeline/assets/Scene/Game.scene) saved
2019-07-06 16:39:02-info: asset(/Users/liuhang/Documents/temp/MusicLifeline/assets/Scene/Game.scene) saved
2019-07-06 16:39:17-info: asset(/Users/liuhang/Documents/temp/MusicLifeline/assets/Scene/Game.scene) saved
2019-07-06 16:39:56-info: asset(/Users/liuhang/Documents/temp/MusicLifeline/assets/Scene/Game.scene) saved
2019-07-06 16:40:11-info: asset(/Users/liuhang/Documents/temp/MusicLifeline/assets/Scene/Game.scene) saved
2019-07-06 16:40:18-info: asset(/Users/liuhang/Documents/temp/MusicLifeline/assets/Scene/Game.scene) saved
2019-07-06 16:40:21-info: asset(/Users/liuhang/Documents/temp/MusicLifeline/assets/Scene/Game.scene) saved
2019-07-06 16:40:28-info: asset(/Users/liuhang/Documents/temp/MusicLifeline/assets/Scene/Game.scene) saved
2019-07-06 16:42:02-info: asset(/Users/liuhang/Documents/temp/MusicLifeline/assets/Scene/Game.scene) saved
2019-07-06 16:42:09-info: asset(/Users/liuhang/Documents/temp/MusicLifeline/assets/Scene/Game.scene) saved
2019-07-06 16:42:15-info: asset(/Users/liuhang/Documents/temp/MusicLifeline/assets/Scene/Game.scene) saved
2019-07-06 16:42:36-info: asset(/Users/liuhang/Documents/temp/MusicLifeline/assets/Scene/Game.scene) saved
2019-07-06 16:42:43-info: asset(/Users/liuhang/Documents/temp/MusicLifeline/assets/Scene/Game.scene) saved
2019-07-06 16:42:57-info: asset(/Users/liuhang/Documents/temp/MusicLifeline/assets/Scene/Game.scene) saved
2019-07-06 16:47:44-info: asset(/Users/liuhang/Documents/temp/MusicLifeline/assets/Scene/Game.scene) saved
2019-07-06 16:47:46-info: asset(/Users/liuhang/Documents/temp/MusicLifeline/assets/Scene/Game.scene) saved
2019-07-06 16:48:15-info: asset(/Users/liuhang/Documents/temp/MusicLifeline/assets/Scene/Game.scene) saved
2019-07-06 16:48:21-info: asset(/Users/liuhang/Documents/temp/MusicLifeline/assets/Scene/Game.scene) saved
2019-07-06 16:48:30-info: asset(/Users/liuhang/Documents/temp/MusicLifeline/assets/Scene/Game.scene) saved
2019-07-06 16:48:49-info: asset(/Users/liuhang/Documents/temp/MusicLifeline/assets/Scene/Game.scene) saved
2019-07-06 16:49:31-info: asset(/Users/liuhang/Documents/temp/MusicLifeline/assets/Scene/Game.scene) saved
2019-07-06 16:50:58-info: asset(/Users/liuhang/Documents/temp/MusicLifeline/assets/Scene/Game.scene) saved
2019-07-06 16:52:00-info: asset(/Users/liuhang/Documents/temp/MusicLifeline/assets/Scene/Game.scene) saved
2019-07-06 16:52:54-info: asset(/Users/liuhang/Documents/temp/MusicLifeline/assets/Scene/Game.scene) saved
2019-07-06 16:53:16-info: asset(/Users/liuhang/Documents/temp/MusicLifeline/assets/Scene/Game.scene) saved
2019-07-06 16:54:53-info: asset(/Users/liuhang/Documents/temp/MusicLifeline/assets/Scene/Game.scene) saved
2019-07-06 16:55:01-info: asset(/Users/liuhang/Documents/temp/MusicLifeline/assets/Scene/Game.scene) saved
2019-07-06 16:55:08-info: asset(/Users/liuhang/Documents/temp/MusicLifeline/assets/Scene/Game.scene) saved
2019-07-06 16:55:16-info: asset(/Users/liuhang/Documents/temp/MusicLifeline/assets/Scene/Game.scene) saved
2019-07-06 16:55:21-info: asset(/Users/liuhang/Documents/temp/MusicLifeline/assets/Scene/Game.scene) saved
2019-07-06 16:55:28-info: asset(/Users/liuhang/Documents/temp/MusicLifeline/assets/Scene/Game.scene) saved
2019-07-06 16:55:42-info: asset(/Users/liuhang/Documents/temp/MusicLifeline/assets/Scene/Game.scene) saved
2019-07-06 16:55:51-info: asset(/Users/liuhang/Documents/temp/MusicLifeline/assets/Scene/Game.scene) saved
2019-07-06 16:56:05-info: asset(/Users/liuhang/Documents/temp/MusicLifeline/assets/Scene/Game.scene) saved
2019-07-06 16:56:15-info: asset(/Users/liuhang/Documents/temp/MusicLifeline/assets/Scene/Game.scene) saved
2019-07-06 16:56:24-info: asset(/Users/liuhang/Documents/temp/MusicLifeline/assets/Scene/Game.scene) saved
2019-07-06 16:56:30-info: asset(/Users/liuhang/Documents/temp/MusicLifeline/assets/Scene/Game.scene) saved
2019-07-06 16:56:36-info: asset(/Users/liuhang/Documents/temp/MusicLifeline/assets/Scene/Game.scene) saved
2019-07-06 16:56:46-info: asset(/Users/liuhang/Documents/temp/MusicLifeline/assets/Scene/Game.scene) saved
2019-07-06 16:56:53-info: asset(/Users/liuhang/Documents/temp/MusicLifeline/assets/Scene/Game.scene) saved
2019-07-06 16:57:28-info: asset(/Users/liuhang/Documents/temp/MusicLifeline/assets/Scene/Game.scene) saved
2019-07-06 16:57:57-info: asset(/Users/liuhang/Documents/temp/MusicLifeline/assets/Scene/Game.scene) saved
2019-07-06 16:58:08-info: asset(/Users/liuhang/Documents/temp/MusicLifeline/assets/Scene/Game.scene) saved
2019-07-06 16:58:14-info: asset(/Users/liuhang/Documents/temp/MusicLifeline/assets/Scene/Game.scene) saved
2019-07-06 16:58:21-info: asset(/Users/liuhang/Documents/temp/MusicLifeline/assets/Scene/Game.scene) saved
2019-07-06 16:58:29-info: asset(/Users/liuhang/Documents/temp/MusicLifeline/assets/Scene/Game.scene) saved
2019-07-06 16:58:37-info: asset(/Users/liuhang/Documents/temp/MusicLifeline/assets/Scene/Game.scene) saved
2019-07-06 16:58:47-info: asset(/Users/liuhang/Documents/temp/MusicLifeline/assets/Scene/Game.scene) saved
2019-07-06 16:58:54-info: asset(/Users/liuhang/Documents/temp/MusicLifeline/assets/Scene/Game.scene) saved
2019-07-06 16:59:01-info: asset(/Users/liuhang/Documents/temp/MusicLifeline/assets/Scene/Game.scene) saved
2019-07-06 16:59:11-info: asset(/Users/liuhang/Documents/temp/MusicLifeline/assets/Scene/Game.scene) saved
2019-07-06 16:59:20-info: asset(/Users/liuhang/Documents/temp/MusicLifeline/assets/Scene/Game.scene) saved
2019-07-06 16:59:30-info: asset(/Users/liuhang/Documents/temp/MusicLifeline/assets/Scene/Game.scene) saved
2019-07-06 16:59:40-info: asset(/Users/liuhang/Documents/temp/MusicLifeline/assets/Scene/Game.scene) saved
2019-07-06 17:02:23-info: asset(/Users/liuhang/Documents/temp/MusicLifeline/assets/Scene/Game.scene) saved
2019-07-06 17:03:07-info: asset(/Users/liuhang/Documents/temp/MusicLifeline/assets/Scene/Game.scene) saved
2019-07-06 17:06:31-info: asset(/Users/liuhang/Documents/temp/MusicLifeline/assets/Scene/Game.scene) saved
2019-07-06 17:06:36-error: [preview-error]Uncaught TypeError: Cannot read property 'node' of null in http://localhost:7456/engine-dev/cocos/core/platform/event-manager/event-manager.js

            
2019-07-06 17:06:37-error: [preview-error]Uncaught TypeError: Cannot read property 'node' of null in http://localhost:7456/engine-dev/cocos/core/platform/event-manager/event-manager.js

            
2019-07-06 17:06:37-error: [preview-error]Uncaught TypeError: Cannot read property 'node' of null in http://localhost:7456/engine-dev/cocos/core/platform/event-manager/event-manager.js

            
2019-07-06 17:06:37-error: [preview-error]Uncaught TypeError: Cannot read property 'node' of null in http://localhost:7456/engine-dev/cocos/core/platform/event-manager/event-manager.js

            
2019-07-06 17:07:14-info: asset(/Users/liuhang/Documents/temp/MusicLifeline/assets/Scene/Game.scene) saved
2019-07-06 17:07:16-info: asset(/Users/liuhang/Documents/temp/MusicLifeline/assets/Scene/Game.scene) saved
2019-07-06 17:09:10-info: asset(/Users/liuhang/Documents/temp/MusicLifeline/assets/Scene/Game.scene) saved
2019-07-06 17:10:53-info: asset(/Users/liuhang/Documents/temp/MusicLifeline/assets/Scene/Game.scene) saved
2019-07-06 17:11:29-info: asset(/Users/liuhang/Documents/temp/MusicLifeline/assets/Scene/Game.scene) saved
2019-07-06 17:11:30-info: asset(/Users/liuhang/Documents/temp/MusicLifeline/assets/Scene/Game.scene) saved
2019-07-06 17:13:01-info: asset(/Users/liuhang/Documents/temp/MusicLifeline/assets/Scene/Game.scene) saved
2019-07-06 17:13:02-info: asset(/Users/liuhang/Documents/temp/MusicLifeline/assets/Scene/Game.scene) saved
2019-07-06 17:13:02-info: asset(/Users/liuhang/Documents/temp/MusicLifeline/assets/Scene/Game.scene) saved
